<?xml version="1.0" encoding="UTF-8"?>
<testng-results ignored="0" total="1" passed="1" failed="0" skipped="0">
  <reporter-output>
  </reporter-output>
  <suite started-at="2026-06-01T02:44:02 IST" name="Suite" finished-at="2026-06-01T02:44:09 IST" duration-ms="7177">
    <groups>
    </groups>
    <test started-at="2026-06-01T02:44:02 IST" name="Test" finished-at="2026-06-01T02:44:09 IST" duration-ms="7177">
      <class name="testpackage.BrowserLaunch">
        <test-method signature="print()[pri:0, instance:testpackage.BrowserLaunch@39529185]" started-at="2026-06-01T02:44:02 IST" name="print" finished-at="2026-06-01T02:44:09 IST" duration-ms="7103" status="PASS">
          <reporter-output>
          </reporter-output>
        </test-method> <!-- print -->
      </class> <!-- testpackage.BrowserLaunch -->
    </test> <!-- Test -->
  </suite> <!-- Suite -->
</testng-results>
