<?xml version="1.0" encoding="UTF-8"?>
<testng-results ignored="0" total="1" passed="1" failed="0" skipped="0">
  <reporter-output>
  </reporter-output>
  <suite started-at="2026-05-29T19:33:47 IST" name="Suite" finished-at="2026-05-29T19:33:51 IST" duration-ms="3670">
    <groups>
    </groups>
    <test started-at="2026-05-29T19:33:47 IST" name="Test" finished-at="2026-05-29T19:33:51 IST" duration-ms="3670">
      <class name="testpackage.BrowserLaunch">
        <test-method signature="print()[pri:0, instance:testpackage.BrowserLaunch@39529185]" started-at="2026-05-29T19:33:47 IST" name="print" finished-at="2026-05-29T19:33:51 IST" duration-ms="3628" status="PASS">
          <reporter-output>
          </reporter-output>
        </test-method> <!-- print -->
      </class> <!-- testpackage.BrowserLaunch -->
    </test> <!-- Test -->
  </suite> <!-- Suite -->
</testng-results>
