<?xml version="1.0" encoding="UTF-8"?>
<testng-results ignored="0" total="1" passed="1" failed="0" skipped="0">
  <reporter-output>
  </reporter-output>
  <suite started-at="2026-06-08T17:01:35 IST" name="Default suite" finished-at="2026-06-08T17:01:43 IST" duration-ms="7562">
    <groups>
    </groups>
    <test started-at="2026-06-08T17:01:35 IST" name="Default test" finished-at="2026-06-08T17:01:43 IST" duration-ms="7562">
      <class name="testpackage.BrowserLaunch">
        <test-method signature="print()[pri:0, instance:testpackage.BrowserLaunch@55141def]" started-at="2026-06-08T17:01:36 IST" name="print" finished-at="2026-06-08T17:01:43 IST" duration-ms="7214" status="PASS">
          <reporter-output>
          </reporter-output>
        </test-method> <!-- print -->
        <test-method is-config="true" signature="closeBrowser()[pri:0, instance:testpackage.BrowserLaunch@55141def]" started-at="2026-06-08T17:01:43 IST" name="closeBrowser" finished-at="2026-06-08T17:01:43 IST" duration-ms="264" status="PASS">
          <reporter-output>
          </reporter-output>
        </test-method> <!-- closeBrowser -->
      </class> <!-- testpackage.BrowserLaunch -->
    </test> <!-- Default test -->
  </suite> <!-- Default suite -->
</testng-results>
