<?xml version="1.0" encoding="UTF-8"?>
<testng-results ignored="0" total="1" passed="1" failed="0" skipped="0">
  <reporter-output>
  </reporter-output>
  <suite started-at="2026-05-29T00:57:37 IST" name="Default suite" finished-at="2026-05-29T00:57:46 IST" duration-ms="9767">
    <groups>
    </groups>
    <test started-at="2026-05-29T00:57:37 IST" name="Default test" finished-at="2026-05-29T00:57:46 IST" duration-ms="9767">
      <class name="testpackage.BrowserLaunch">
        <test-method signature="print()[pri:0, instance:testpackage.BrowserLaunch@799f10e1]" started-at="2026-05-29T00:57:37 IST" name="print" finished-at="2026-05-29T00:57:46 IST" duration-ms="9720" status="PASS">
          <reporter-output>
          </reporter-output>
        </test-method> <!-- print -->
      </class> <!-- testpackage.BrowserLaunch -->
    </test> <!-- Default test -->
  </suite> <!-- Default suite -->
</testng-results>
